2022:https://www.baseball-reference.com/register/league.cgi?id=829bfc2b
2022:Chiba Lotte Marines:https://www.baseball-reference.com/register/team.cgi?id=0040fd77
2022:Fukuoka Softbank Hawks:https://www.baseball-reference.com/register/team.cgi?id=b8239652
2022:Hokkaido Nippon Ham Fighters:https://www.baseball-reference.com/register/team.cgi?id=5e2f8ca6
2022:Orix Buffaloes:https://www.baseball-reference.com/register/team.cgi?id=d5c0c304
2022:Saitama Seibu Lions:https://www.baseball-reference.com/register/team.cgi?id=d9dae444
2022:Tohoku Rakuten Golden Eagles:https://www.baseball-reference.com/register/team.cgi?id=f1a730f3
2022:https://www.baseball-reference.com/register/league.cgi?id=829bfc2b
2021:Chiba Lotte Marines:https://www.baseball-reference.com/register/team.cgi?id=0040fd77
2021:Fukuoka Softbank Hawks:https://www.baseball-reference.com/register/team.cgi?id=b8239652
2021:Hokkaido Nippon Ham Fighters:https://www.baseball-reference.com/register/team.cgi?id=5e2f8ca6
2021:Orix Buffaloes:https://www.baseball-reference.com/register/team.cgi?id=d5c0c304
2021:Saitama Seibu Lions:https://www.baseball-reference.com/register/team.cgi?id=d9dae444
2021:Tohoku Rakuten Golden Eagles:https://www.baseball-reference.com/register/team.cgi?id=f1a730f3
2022:https://www.baseball-reference.com/register/league.cgi?id=829bfc2b
2020:Chiba Lotte Marines:https://www.baseball-reference.com/register/team.cgi?id=0040fd77
2020:Fukuoka Softbank Hawks:https://www.baseball-reference.com/register/team.cgi?id=b8239652
2020:Hokkaido Nippon Ham Fighters:https://www.baseball-reference.com/register/team.cgi?id=5e2f8ca6
2020:Orix Buffaloes:https://www.baseball-reference.com/register/team.cgi?id=d5c0c304
2020:Saitama Seibu Lions:https://www.baseball-reference.com/register/team.cgi?id=d9dae444
2020:Tohoku Rakuten Golden Eagles:https://www.baseball-reference.com/register/team.cgi?id=f1a730f3
2022:https://www.baseball-reference.com/register/league.cgi?id=829bfc2b
2019:Chiba Lotte Marines:https://www.baseball-reference.com/register/team.cgi?id=0040fd77
2019:Fukuoka Softbank Hawks:https://www.baseball-reference.com/register/team.cgi?id=b8239652
2019:Hokkaido Nippon Ham Fighters:https://www.baseball-reference.com/register/team.cgi?id=5e2f8ca6
2019:Orix Buffaloes:https://www.baseball-reference.com/register/team.cgi?id=d5c0c304
2019:Saitama Seibu Lions:https://www.baseball-reference.com/register/team.cgi?id=d9dae444
2019:Tohoku Rakuten Golden Eagles:https://www.baseball-reference.com/register/team.cgi?id=f1a730f3
2022:https://www.baseball-reference.com/register/league.cgi?id=829bfc2b
2018:Chiba Lotte Marines:https://www.baseball-reference.com/register/team.cgi?id=0040fd77
2018:Fukuoka Softbank Hawks:https://www.baseball-reference.com/register/team.cgi?id=b8239652
2018:Hokkaido Nippon Ham Fighters:https://www.baseball-reference.com/register/team.cgi?id=5e2f8ca6
2018:Orix Buffaloes:https://www.baseball-reference.com/register/team.cgi?id=d5c0c304
2018:Saitama Seibu Lions:https://www.baseball-reference.com/register/team.cgi?id=d9dae444
2018:Tohoku Rakuten Golden Eagles:https://www.baseball-reference.com/register/team.cgi?id=f1a730f3
2022:https://www.baseball-reference.com/register/league.cgi?id=829bfc2b
2017:Chiba Lotte Marines:https://www.baseball-reference.com/register/team.cgi?id=0040fd77
2017:Fukuoka Softbank Hawks:https://www.baseball-reference.com/register/team.cgi?id=b8239652
2017:Hokkaido Nippon Ham Fighters:https://www.baseball-reference.com/register/team.cgi?id=5e2f8ca6
2017:Orix Buffaloes:https://www.baseball-reference.com/register/team.cgi?id=d5c0c304
2017:Saitama Seibu Lions:https://www.baseball-reference.com/register/team.cgi?id=d9dae444
2017:Tohoku Rakuten Golden Eagles:https://www.baseball-reference.com/register/team.cgi?id=f1a730f3
2022:https://www.baseball-reference.com/register/league.cgi?id=829bfc2b
2016:Chiba Lotte Marines:https://www.baseball-reference.com/register/team.cgi?id=0040fd77
2016:Fukuoka Softbank Hawks:https://www.baseball-reference.com/register/team.cgi?id=b8239652
2016:Hokkaido Nippon Ham Fighters:https://www.baseball-reference.com/register/team.cgi?id=5e2f8ca6
2016:Orix Buffaloes:https://www.baseball-reference.com/register/team.cgi?id=d5c0c304
2016:Saitama Seibu Lions:https://www.baseball-reference.com/register/team.cgi?id=d9dae444
2016:Tohoku Rakuten Golden Eagles:https://www.baseball-reference.com/register/team.cgi?id=f1a730f3
2022:https://www.baseball-reference.com/register/league.cgi?id=829bfc2b
2015:Chiba Lotte Marines:https://www.baseball-reference.com/register/team.cgi?id=0040fd77
2015:Fukuoka Softbank Hawks:https://www.baseball-reference.com/register/team.cgi?id=b8239652
2015:Hokkaido Nippon Ham Fighters:https://www.baseball-reference.com/register/team.cgi?id=5e2f8ca6
2015:Orix Buffaloes:https://www.baseball-reference.com/register/team.cgi?id=d5c0c304
2015:Saitama Seibu Lions:https://www.baseball-reference.com/register/team.cgi?id=d9dae444
2015:Tohoku Rakuten Golden Eagles:https://www.baseball-reference.com/register/team.cgi?id=f1a730f3
2022:https://www.baseball-reference.com/register/league.cgi?id=829bfc2b
2014:Chiba Lotte Marines:https://www.baseball-reference.com/register/team.cgi?id=0040fd77
2014:Fukuoka Softbank Hawks:https://www.baseball-reference.com/register/team.cgi?id=b8239652
2014:Hokkaido Nippon Ham Fighters:https://www.baseball-reference.com/register/team.cgi?id=5e2f8ca6
2014:Orix Buffaloes:https://www.baseball-reference.com/register/team.cgi?id=d5c0c304
2014:Saitama Seibu Lions:https://www.baseball-reference.com/register/team.cgi?id=d9dae444
2014:Tohoku Rakuten Golden Eagles:https://www.baseball-reference.com/register/team.cgi?id=f1a730f3
2022:https://www.baseball-reference.com/register/league.cgi?id=829bfc2b
2013:Chiba Lotte Marines:https://www.baseball-reference.com/register/team.cgi?id=0040fd77
2013:Fukuoka Softbank Hawks:https://www.baseball-reference.com/register/team.cgi?id=b8239652
2013:Hokkaido Nippon Ham Fighters:https://www.baseball-reference.com/register/team.cgi?id=5e2f8ca6
2013:Orix Buffaloes:https://www.baseball-reference.com/register/team.cgi?id=d5c0c304
2013:Saitama Seibu Lions:https://www.baseball-reference.com/register/team.cgi?id=d9dae444
2013:Tohoku Rakuten Golden Eagles:https://www.baseball-reference.com/register/team.cgi?id=f1a730f3
2022:https://www.baseball-reference.com/register/league.cgi?id=829bfc2b
2012:Chiba Lotte Marines:https://www.baseball-reference.com/register/team.cgi?id=0040fd77
2012:Fukuoka Softbank Hawks:https://www.baseball-reference.com/register/team.cgi?id=b8239652
2012:Hokkaido Nippon Ham Fighters:https://www.baseball-reference.com/register/team.cgi?id=5e2f8ca6
2012:Orix Buffaloes:https://www.baseball-reference.com/register/team.cgi?id=d5c0c304
2012:Saitama Seibu Lions:https://www.baseball-reference.com/register/team.cgi?id=d9dae444
2012:Tohoku Rakuten Golden Eagles:https://www.baseball-reference.com/register/team.cgi?id=f1a730f3
2022:https://www.baseball-reference.com/register/league.cgi?id=829bfc2b
2011:Chiba Lotte Marines:https://www.baseball-reference.com/register/team.cgi?id=0040fd77
2011:Fukuoka Softbank Hawks:https://www.baseball-reference.com/register/team.cgi?id=b8239652
2011:Hokkaido Nippon Ham Fighters:https://www.baseball-reference.com/register/team.cgi?id=5e2f8ca6
2011:Orix Buffaloes:https://www.baseball-reference.com/register/team.cgi?id=d5c0c304
2011:Saitama Seibu Lions:https://www.baseball-reference.com/register/team.cgi?id=d9dae444
2011:Tohoku Rakuten Golden Eagles:https://www.baseball-reference.com/register/team.cgi?id=f1a730f3
2022:https://www.baseball-reference.com/register/league.cgi?id=829bfc2b
2010:Chiba Lotte Marines:https://www.baseball-reference.com/register/team.cgi?id=0040fd77
2010:Fukuoka Softbank Hawks:https://www.baseball-reference.com/register/team.cgi?id=b8239652
2010:Hokkaido Nippon Ham Fighters:https://www.baseball-reference.com/register/team.cgi?id=5e2f8ca6
2010:Orix Buffaloes:https://www.baseball-reference.com/register/team.cgi?id=d5c0c304
2010:Saitama Seibu Lions:https://www.baseball-reference.com/register/team.cgi?id=d9dae444
2010:Tohoku Rakuten Golden Eagles:https://www.baseball-reference.com/register/team.cgi?id=f1a730f3
2022:https://www.baseball-reference.com/register/league.cgi?id=829bfc2b
2009:Chiba Lotte Marines:https://www.baseball-reference.com/register/team.cgi?id=0040fd77
2009:Fukuoka Softbank Hawks:https://www.baseball-reference.com/register/team.cgi?id=b8239652
2009:Hokkaido Nippon Ham Fighters:https://www.baseball-reference.com/register/team.cgi?id=5e2f8ca6
2009:Orix Buffaloes:https://www.baseball-reference.com/register/team.cgi?id=d5c0c304
2009:Saitama Seibu Lions:https://www.baseball-reference.com/register/team.cgi?id=d9dae444
2009:Tohoku Rakuten Golden Eagles:https://www.baseball-reference.com/register/team.cgi?id=f1a730f3
2022:https://www.baseball-reference.com/register/league.cgi?id=829bfc2b
2008:Chiba Lotte Marines:https://www.baseball-reference.com/register/team.cgi?id=0040fd77
2008:Fukuoka Softbank Hawks:https://www.baseball-reference.com/register/team.cgi?id=b8239652
2008:Hokkaido Nippon Ham Fighters:https://www.baseball-reference.com/register/team.cgi?id=5e2f8ca6
2008:Orix Buffaloes:https://www.baseball-reference.com/register/team.cgi?id=d5c0c304
2008:Saitama Seibu Lions:https://www.baseball-reference.com/register/team.cgi?id=d9dae444
2008:Tohoku Rakuten Golden Eagles:https://www.baseball-reference.com/register/team.cgi?id=f1a730f3
2022:https://www.baseball-reference.com/register/league.cgi?id=829bfc2b
2007:Chiba Lotte Marines:https://www.baseball-reference.com/register/team.cgi?id=0040fd77
2007:Fukuoka Softbank Hawks:https://www.baseball-reference.com/register/team.cgi?id=b8239652
2007:Hokkaido Nippon Ham Fighters:https://www.baseball-reference.com/register/team.cgi?id=5e2f8ca6
2007:Orix Buffaloes:https://www.baseball-reference.com/register/team.cgi?id=d5c0c304
2007:Saitama Seibu Lions:https://www.baseball-reference.com/register/team.cgi?id=d9dae444
2007:Tohoku Rakuten Golden Eagles:https://www.baseball-reference.com/register/team.cgi?id=f1a730f3
2022:https://www.baseball-reference.com/register/league.cgi?id=829bfc2b
2006:Chiba Lotte Marines:https://www.baseball-reference.com/register/team.cgi?id=0040fd77
2006:Fukuoka Softbank Hawks:https://www.baseball-reference.com/register/team.cgi?id=b8239652
2006:Hokkaido Nippon Ham Fighters:https://www.baseball-reference.com/register/team.cgi?id=5e2f8ca6
2006:Orix Buffaloes:https://www.baseball-reference.com/register/team.cgi?id=d5c0c304
2006:Saitama Seibu Lions:https://www.baseball-reference.com/register/team.cgi?id=d9dae444
2006:Tohoku Rakuten Golden Eagles:https://www.baseball-reference.com/register/team.cgi?id=f1a730f3
2022:https://www.baseball-reference.com/register/league.cgi?id=829bfc2b
2005:Chiba Lotte Marines:https://www.baseball-reference.com/register/team.cgi?id=0040fd77
2005:Fukuoka Softbank Hawks:https://www.baseball-reference.com/register/team.cgi?id=b8239652
2005:Hokkaido Nippon Ham Fighters:https://www.baseball-reference.com/register/team.cgi?id=5e2f8ca6
2005:Orix Buffaloes:https://www.baseball-reference.com/register/team.cgi?id=d5c0c304
2005:Saitama Seibu Lions:https://www.baseball-reference.com/register/team.cgi?id=d9dae444
2005:Tohoku Rakuten Golden Eagles:https://www.baseball-reference.com/register/team.cgi?id=f1a730f3
2022:https://www.baseball-reference.com/register/league.cgi?id=829bfc2b
2004:Chiba Lotte Marines:https://www.baseball-reference.com/register/team.cgi?id=0040fd77
2004:Fukuoka Softbank Hawks:https://www.baseball-reference.com/register/team.cgi?id=b8239652
2004:Hokkaido Nippon Ham Fighters:https://www.baseball-reference.com/register/team.cgi?id=5e2f8ca6
2004:Orix Buffaloes:https://www.baseball-reference.com/register/team.cgi?id=d5c0c304
2004:Saitama Seibu Lions:https://www.baseball-reference.com/register/team.cgi?id=d9dae444
2004:Tohoku Rakuten Golden Eagles:https://www.baseball-reference.com/register/team.cgi?id=f1a730f3
2022:https://www.baseball-reference.com/register/league.cgi?id=829bfc2b
2003:Chiba Lotte Marines:https://www.baseball-reference.com/register/team.cgi?id=0040fd77
2003:Fukuoka Softbank Hawks:https://www.baseball-reference.com/register/team.cgi?id=b8239652
2003:Hokkaido Nippon Ham Fighters:https://www.baseball-reference.com/register/team.cgi?id=5e2f8ca6
2003:Orix Buffaloes:https://www.baseball-reference.com/register/team.cgi?id=d5c0c304
2003:Saitama Seibu Lions:https://www.baseball-reference.com/register/team.cgi?id=d9dae444
2003:Tohoku Rakuten Golden Eagles:https://www.baseball-reference.com/register/team.cgi?id=f1a730f3
2022:https://www.baseball-reference.com/register/league.cgi?id=829bfc2b
2002:Chiba Lotte Marines:https://www.baseball-reference.com/register/team.cgi?id=0040fd77
2002:Fukuoka Softbank Hawks:https://www.baseball-reference.com/register/team.cgi?id=b8239652
2002:Hokkaido Nippon Ham Fighters:https://www.baseball-reference.com/register/team.cgi?id=5e2f8ca6
2002:Orix Buffaloes:https://www.baseball-reference.com/register/team.cgi?id=d5c0c304
2002:Saitama Seibu Lions:https://www.baseball-reference.com/register/team.cgi?id=d9dae444
2002:Tohoku Rakuten Golden Eagles:https://www.baseball-reference.com/register/team.cgi?id=f1a730f3
2022:https://www.baseball-reference.com/register/league.cgi?id=829bfc2b
2001:Chiba Lotte Marines:https://www.baseball-reference.com/register/team.cgi?id=0040fd77
2001:Fukuoka Softbank Hawks:https://www.baseball-reference.com/register/team.cgi?id=b8239652
2001:Hokkaido Nippon Ham Fighters:https://www.baseball-reference.com/register/team.cgi?id=5e2f8ca6
2001:Orix Buffaloes:https://www.baseball-reference.com/register/team.cgi?id=d5c0c304
2001:Saitama Seibu Lions:https://www.baseball-reference.com/register/team.cgi?id=d9dae444
2001:Tohoku Rakuten Golden Eagles:https://www.baseball-reference.com/register/team.cgi?id=f1a730f3
2022:https://www.baseball-reference.com/register/league.cgi?id=829bfc2b
2000:Chiba Lotte Marines:https://www.baseball-reference.com/register/team.cgi?id=0040fd77
2000:Fukuoka Softbank Hawks:https://www.baseball-reference.com/register/team.cgi?id=b8239652
2000:Hokkaido Nippon Ham Fighters:https://www.baseball-reference.com/register/team.cgi?id=5e2f8ca6
2000:Orix Buffaloes:https://www.baseball-reference.com/register/team.cgi?id=d5c0c304
2000:Saitama Seibu Lions:https://www.baseball-reference.com/register/team.cgi?id=d9dae444
2000:Tohoku Rakuten Golden Eagles:https://www.baseball-reference.com/register/team.cgi?id=f1a730f3
2022:https://www.baseball-reference.com/register/league.cgi?id=829bfc2b
1999:Chiba Lotte Marines:https://www.baseball-reference.com/register/team.cgi?id=0040fd77
1999:Fukuoka Softbank Hawks:https://www.baseball-reference.com/register/team.cgi?id=b8239652
1999:Hokkaido Nippon Ham Fighters:https://www.baseball-reference.com/register/team.cgi?id=5e2f8ca6
1999:Orix Buffaloes:https://www.baseball-reference.com/register/team.cgi?id=d5c0c304
1999:Saitama Seibu Lions:https://www.baseball-reference.com/register/team.cgi?id=d9dae444
1999:Tohoku Rakuten Golden Eagles:https://www.baseball-reference.com/register/team.cgi?id=f1a730f3
2022:https://www.baseball-reference.com/register/league.cgi?id=829bfc2b
1998:Chiba Lotte Marines:https://www.baseball-reference.com/register/team.cgi?id=0040fd77
1998:Fukuoka Softbank Hawks:https://www.baseball-reference.com/register/team.cgi?id=b8239652
1998:Hokkaido Nippon Ham Fighters:https://www.baseball-reference.com/register/team.cgi?id=5e2f8ca6
1998:Orix Buffaloes:https://www.baseball-reference.com/register/team.cgi?id=d5c0c304
1998:Saitama Seibu Lions:https://www.baseball-reference.com/register/team.cgi?id=d9dae444
1998:Tohoku Rakuten Golden Eagles:https://www.baseball-reference.com/register/team.cgi?id=f1a730f3
2022:https://www.baseball-reference.com/register/league.cgi?id=829bfc2b
1997:Chiba Lotte Marines:https://www.baseball-reference.com/register/team.cgi?id=0040fd77
1997:Fukuoka Softbank Hawks:https://www.baseball-reference.com/register/team.cgi?id=b8239652
1997:Hokkaido Nippon Ham Fighters:https://www.baseball-reference.com/register/team.cgi?id=5e2f8ca6
1997:Orix Buffaloes:https://www.baseball-reference.com/register/team.cgi?id=d5c0c304
1997:Saitama Seibu Lions:https://www.baseball-reference.com/register/team.cgi?id=d9dae444
1997:Tohoku Rakuten Golden Eagles:https://www.baseball-reference.com/register/team.cgi?id=f1a730f3
2022:https://www.baseball-reference.com/register/league.cgi?id=829bfc2b
1996:Chiba Lotte Marines:https://www.baseball-reference.com/register/team.cgi?id=0040fd77
1996:Fukuoka Softbank Hawks:https://www.baseball-reference.com/register/team.cgi?id=b8239652
1996:Hokkaido Nippon Ham Fighters:https://www.baseball-reference.com/register/team.cgi?id=5e2f8ca6
1996:Orix Buffaloes:https://www.baseball-reference.com/register/team.cgi?id=d5c0c304
1996:Saitama Seibu Lions:https://www.baseball-reference.com/register/team.cgi?id=d9dae444
1996:Tohoku Rakuten Golden Eagles:https://www.baseball-reference.com/register/team.cgi?id=f1a730f3
2022:https://www.baseball-reference.com/register/league.cgi?id=829bfc2b
1995:Chiba Lotte Marines:https://www.baseball-reference.com/register/team.cgi?id=0040fd77
1995:Fukuoka Softbank Hawks:https://www.baseball-reference.com/register/team.cgi?id=b8239652
1995:Hokkaido Nippon Ham Fighters:https://www.baseball-reference.com/register/team.cgi?id=5e2f8ca6
1995:Orix Buffaloes:https://www.baseball-reference.com/register/team.cgi?id=d5c0c304
1995:Saitama Seibu Lions:https://www.baseball-reference.com/register/team.cgi?id=d9dae444
1995:Tohoku Rakuten Golden Eagles:https://www.baseball-reference.com/register/team.cgi?id=f1a730f3
2022:https://www.baseball-reference.com/register/league.cgi?id=829bfc2b
1994:Chiba Lotte Marines:https://www.baseball-reference.com/register/team.cgi?id=0040fd77
1994:Fukuoka Softbank Hawks:https://www.baseball-reference.com/register/team.cgi?id=b8239652
1994:Hokkaido Nippon Ham Fighters:https://www.baseball-reference.com/register/team.cgi?id=5e2f8ca6
1994:Orix Buffaloes:https://www.baseball-reference.com/register/team.cgi?id=d5c0c304
1994:Saitama Seibu Lions:https://www.baseball-reference.com/register/team.cgi?id=d9dae444
1994:Tohoku Rakuten Golden Eagles:https://www.baseball-reference.com/register/team.cgi?id=f1a730f3
2022:https://www.baseball-reference.com/register/league.cgi?id=829bfc2b
1993:Chiba Lotte Marines:https://www.baseball-reference.com/register/team.cgi?id=0040fd77
1993:Fukuoka Softbank Hawks:https://www.baseball-reference.com/register/team.cgi?id=b8239652
1993:Hokkaido Nippon Ham Fighters:https://www.baseball-reference.com/register/team.cgi?id=5e2f8ca6
1993:Orix Buffaloes:https://www.baseball-reference.com/register/team.cgi?id=d5c0c304
1993:Saitama Seibu Lions:https://www.baseball-reference.com/register/team.cgi?id=d9dae444
1993:Tohoku Rakuten Golden Eagles:https://www.baseball-reference.com/register/team.cgi?id=f1a730f3
2022:https://www.baseball-reference.com/register/league.cgi?id=829bfc2b
1992:Chiba Lotte Marines:https://www.baseball-reference.com/register/team.cgi?id=0040fd77
1992:Fukuoka Softbank Hawks:https://www.baseball-reference.com/register/team.cgi?id=b8239652
1992:Hokkaido Nippon Ham Fighters:https://www.baseball-reference.com/register/team.cgi?id=5e2f8ca6
1992:Orix Buffaloes:https://www.baseball-reference.com/register/team.cgi?id=d5c0c304
1992:Saitama Seibu Lions:https://www.baseball-reference.com/register/team.cgi?id=d9dae444
1992:Tohoku Rakuten Golden Eagles:https://www.baseball-reference.com/register/team.cgi?id=f1a730f3
2022:https://www.baseball-reference.com/register/league.cgi?id=829bfc2b
1991:Chiba Lotte Marines:https://www.baseball-reference.com/register/team.cgi?id=0040fd77
1991:Fukuoka Softbank Hawks:https://www.baseball-reference.com/register/team.cgi?id=b8239652
1991:Hokkaido Nippon Ham Fighters:https://www.baseball-reference.com/register/team.cgi?id=5e2f8ca6
1991:Orix Buffaloes:https://www.baseball-reference.com/register/team.cgi?id=d5c0c304
1991:Saitama Seibu Lions:https://www.baseball-reference.com/register/team.cgi?id=d9dae444
1991:Tohoku Rakuten Golden Eagles:https://www.baseball-reference.com/register/team.cgi?id=f1a730f3
2022:https://www.baseball-reference.com/register/league.cgi?id=829bfc2b
1990:Chiba Lotte Marines:https://www.baseball-reference.com/register/team.cgi?id=0040fd77
1990:Fukuoka Softbank Hawks:https://www.baseball-reference.com/register/team.cgi?id=b8239652
1990:Hokkaido Nippon Ham Fighters:https://www.baseball-reference.com/register/team.cgi?id=5e2f8ca6
1990:Orix Buffaloes:https://www.baseball-reference.com/register/team.cgi?id=d5c0c304
1990:Saitama Seibu Lions:https://www.baseball-reference.com/register/team.cgi?id=d9dae444
1990:Tohoku Rakuten Golden Eagles:https://www.baseball-reference.com/register/team.cgi?id=f1a730f3
2022:https://www.baseball-reference.com/register/league.cgi?id=829bfc2b
1989:Chiba Lotte Marines:https://www.baseball-reference.com/register/team.cgi?id=0040fd77
1989:Fukuoka Softbank Hawks:https://www.baseball-reference.com/register/team.cgi?id=b8239652
1989:Hokkaido Nippon Ham Fighters:https://www.baseball-reference.com/register/team.cgi?id=5e2f8ca6
1989:Orix Buffaloes:https://www.baseball-reference.com/register/team.cgi?id=d5c0c304
1989:Saitama Seibu Lions:https://www.baseball-reference.com/register/team.cgi?id=d9dae444
1989:Tohoku Rakuten Golden Eagles:https://www.baseball-reference.com/register/team.cgi?id=f1a730f3
2022:https://www.baseball-reference.com/register/league.cgi?id=829bfc2b
1988:Chiba Lotte Marines:https://www.baseball-reference.com/register/team.cgi?id=0040fd77
1988:Fukuoka Softbank Hawks:https://www.baseball-reference.com/register/team.cgi?id=b8239652
1988:Hokkaido Nippon Ham Fighters:https://www.baseball-reference.com/register/team.cgi?id=5e2f8ca6
1988:Orix Buffaloes:https://www.baseball-reference.com/register/team.cgi?id=d5c0c304
1988:Saitama Seibu Lions:https://www.baseball-reference.com/register/team.cgi?id=d9dae444
1988:Tohoku Rakuten Golden Eagles:https://www.baseball-reference.com/register/team.cgi?id=f1a730f3
2022:https://www.baseball-reference.com/register/league.cgi?id=829bfc2b
1987:Chiba Lotte Marines:https://www.baseball-reference.com/register/team.cgi?id=0040fd77
1987:Fukuoka Softbank Hawks:https://www.baseball-reference.com/register/team.cgi?id=b8239652
1987:Hokkaido Nippon Ham Fighters:https://www.baseball-reference.com/register/team.cgi?id=5e2f8ca6
1987:Orix Buffaloes:https://www.baseball-reference.com/register/team.cgi?id=d5c0c304
1987:Saitama Seibu Lions:https://www.baseball-reference.com/register/team.cgi?id=d9dae444
1987:Tohoku Rakuten Golden Eagles:https://www.baseball-reference.com/register/team.cgi?id=f1a730f3
2022:https://www.baseball-reference.com/register/league.cgi?id=829bfc2b
1986:Chiba Lotte Marines:https://www.baseball-reference.com/register/team.cgi?id=0040fd77
1986:Fukuoka Softbank Hawks:https://www.baseball-reference.com/register/team.cgi?id=b8239652
1986:Hokkaido Nippon Ham Fighters:https://www.baseball-reference.com/register/team.cgi?id=5e2f8ca6
1986:Orix Buffaloes:https://www.baseball-reference.com/register/team.cgi?id=d5c0c304
1986:Saitama Seibu Lions:https://www.baseball-reference.com/register/team.cgi?id=d9dae444
1986:Tohoku Rakuten Golden Eagles:https://www.baseball-reference.com/register/team.cgi?id=f1a730f3
2022:https://www.baseball-reference.com/register/league.cgi?id=829bfc2b
1985:Chiba Lotte Marines:https://www.baseball-reference.com/register/team.cgi?id=0040fd77
1985:Fukuoka Softbank Hawks:https://www.baseball-reference.com/register/team.cgi?id=b8239652
1985:Hokkaido Nippon Ham Fighters:https://www.baseball-reference.com/register/team.cgi?id=5e2f8ca6
1985:Orix Buffaloes:https://www.baseball-reference.com/register/team.cgi?id=d5c0c304
1985:Saitama Seibu Lions:https://www.baseball-reference.com/register/team.cgi?id=d9dae444
1985:Tohoku Rakuten Golden Eagles:https://www.baseball-reference.com/register/team.cgi?id=f1a730f3
2022:https://www.baseball-reference.com/register/league.cgi?id=829bfc2b
1984:Chiba Lotte Marines:https://www.baseball-reference.com/register/team.cgi?id=0040fd77
1984:Fukuoka Softbank Hawks:https://www.baseball-reference.com/register/team.cgi?id=b8239652
1984:Hokkaido Nippon Ham Fighters:https://www.baseball-reference.com/register/team.cgi?id=5e2f8ca6
1984:Orix Buffaloes:https://www.baseball-reference.com/register/team.cgi?id=d5c0c304
1984:Saitama Seibu Lions:https://www.baseball-reference.com/register/team.cgi?id=d9dae444
1984:Tohoku Rakuten Golden Eagles:https://www.baseball-reference.com/register/team.cgi?id=f1a730f3
2022:https://www.baseball-reference.com/register/league.cgi?id=829bfc2b
1983:Chiba Lotte Marines:https://www.baseball-reference.com/register/team.cgi?id=0040fd77
1983:Fukuoka Softbank Hawks:https://www.baseball-reference.com/register/team.cgi?id=b8239652
1983:Hokkaido Nippon Ham Fighters:https://www.baseball-reference.com/register/team.cgi?id=5e2f8ca6
1983:Orix Buffaloes:https://www.baseball-reference.com/register/team.cgi?id=d5c0c304
1983:Saitama Seibu Lions:https://www.baseball-reference.com/register/team.cgi?id=d9dae444
1983:Tohoku Rakuten Golden Eagles:https://www.baseball-reference.com/register/team.cgi?id=f1a730f3
2022:https://www.baseball-reference.com/register/league.cgi?id=829bfc2b
1982:Chiba Lotte Marines:https://www.baseball-reference.com/register/team.cgi?id=0040fd77
1982:Fukuoka Softbank Hawks:https://www.baseball-reference.com/register/team.cgi?id=b8239652
1982:Hokkaido Nippon Ham Fighters:https://www.baseball-reference.com/register/team.cgi?id=5e2f8ca6
1982:Orix Buffaloes:https://www.baseball-reference.com/register/team.cgi?id=d5c0c304
1982:Saitama Seibu Lions:https://www.baseball-reference.com/register/team.cgi?id=d9dae444
1982:Tohoku Rakuten Golden Eagles:https://www.baseball-reference.com/register/team.cgi?id=f1a730f3
2022:https://www.baseball-reference.com/register/league.cgi?id=829bfc2b
1981:Chiba Lotte Marines:https://www.baseball-reference.com/register/team.cgi?id=0040fd77
1981:Fukuoka Softbank Hawks:https://www.baseball-reference.com/register/team.cgi?id=b8239652
1981:Hokkaido Nippon Ham Fighters:https://www.baseball-reference.com/register/team.cgi?id=5e2f8ca6
1981:Orix Buffaloes:https://www.baseball-reference.com/register/team.cgi?id=d5c0c304
1981:Saitama Seibu Lions:https://www.baseball-reference.com/register/team.cgi?id=d9dae444
1981:Tohoku Rakuten Golden Eagles:https://www.baseball-reference.com/register/team.cgi?id=f1a730f3
2022:https://www.baseball-reference.com/register/league.cgi?id=829bfc2b
1980:Chiba Lotte Marines:https://www.baseball-reference.com/register/team.cgi?id=0040fd77
1980:Fukuoka Softbank Hawks:https://www.baseball-reference.com/register/team.cgi?id=b8239652
1980:Hokkaido Nippon Ham Fighters:https://www.baseball-reference.com/register/team.cgi?id=5e2f8ca6
1980:Orix Buffaloes:https://www.baseball-reference.com/register/team.cgi?id=d5c0c304
1980:Saitama Seibu Lions:https://www.baseball-reference.com/register/team.cgi?id=d9dae444
1980:Tohoku Rakuten Golden Eagles:https://www.baseball-reference.com/register/team.cgi?id=f1a730f3
2022:https://www.baseball-reference.com/register/league.cgi?id=829bfc2b
1979:Chiba Lotte Marines:https://www.baseball-reference.com/register/team.cgi?id=0040fd77
1979:Fukuoka Softbank Hawks:https://www.baseball-reference.com/register/team.cgi?id=b8239652
1979:Hokkaido Nippon Ham Fighters:https://www.baseball-reference.com/register/team.cgi?id=5e2f8ca6
1979:Orix Buffaloes:https://www.baseball-reference.com/register/team.cgi?id=d5c0c304
1979:Saitama Seibu Lions:https://www.baseball-reference.com/register/team.cgi?id=d9dae444
1979:Tohoku Rakuten Golden Eagles:https://www.baseball-reference.com/register/team.cgi?id=f1a730f3
2022:https://www.baseball-reference.com/register/league.cgi?id=829bfc2b
1978:Chiba Lotte Marines:https://www.baseball-reference.com/register/team.cgi?id=0040fd77
1978:Fukuoka Softbank Hawks:https://www.baseball-reference.com/register/team.cgi?id=b8239652
1978:Hokkaido Nippon Ham Fighters:https://www.baseball-reference.com/register/team.cgi?id=5e2f8ca6
1978:Orix Buffaloes:https://www.baseball-reference.com/register/team.cgi?id=d5c0c304
1978:Saitama Seibu Lions:https://www.baseball-reference.com/register/team.cgi?id=d9dae444
1978:Tohoku Rakuten Golden Eagles:https://www.baseball-reference.com/register/team.cgi?id=f1a730f3
2022:https://www.baseball-reference.com/register/league.cgi?id=829bfc2b
1977:Chiba Lotte Marines:https://www.baseball-reference.com/register/team.cgi?id=0040fd77
1977:Fukuoka Softbank Hawks:https://www.baseball-reference.com/register/team.cgi?id=b8239652
1977:Hokkaido Nippon Ham Fighters:https://www.baseball-reference.com/register/team.cgi?id=5e2f8ca6
1977:Orix Buffaloes:https://www.baseball-reference.com/register/team.cgi?id=d5c0c304
1977:Saitama Seibu Lions:https://www.baseball-reference.com/register/team.cgi?id=d9dae444
1977:Tohoku Rakuten Golden Eagles:https://www.baseball-reference.com/register/team.cgi?id=f1a730f3
2022:https://www.baseball-reference.com/register/league.cgi?id=829bfc2b
1976:Chiba Lotte Marines:https://www.baseball-reference.com/register/team.cgi?id=0040fd77
1976:Fukuoka Softbank Hawks:https://www.baseball-reference.com/register/team.cgi?id=b8239652
1976:Hokkaido Nippon Ham Fighters:https://www.baseball-reference.com/register/team.cgi?id=5e2f8ca6
1976:Orix Buffaloes:https://www.baseball-reference.com/register/team.cgi?id=d5c0c304
1976:Saitama Seibu Lions:https://www.baseball-reference.com/register/team.cgi?id=d9dae444
1976:Tohoku Rakuten Golden Eagles:https://www.baseball-reference.com/register/team.cgi?id=f1a730f3
2022:https://www.baseball-reference.com/register/league.cgi?id=829bfc2b
1975:Chiba Lotte Marines:https://www.baseball-reference.com/register/team.cgi?id=0040fd77
1975:Fukuoka Softbank Hawks:https://www.baseball-reference.com/register/team.cgi?id=b8239652
1975:Hokkaido Nippon Ham Fighters:https://www.baseball-reference.com/register/team.cgi?id=5e2f8ca6
1975:Orix Buffaloes:https://www.baseball-reference.com/register/team.cgi?id=d5c0c304
1975:Saitama Seibu Lions:https://www.baseball-reference.com/register/team.cgi?id=d9dae444
1975:Tohoku Rakuten Golden Eagles:https://www.baseball-reference.com/register/team.cgi?id=f1a730f3
2022:https://www.baseball-reference.com/register/league.cgi?id=829bfc2b
1974:Chiba Lotte Marines:https://www.baseball-reference.com/register/team.cgi?id=0040fd77
1974:Fukuoka Softbank Hawks:https://www.baseball-reference.com/register/team.cgi?id=b8239652
1974:Hokkaido Nippon Ham Fighters:https://www.baseball-reference.com/register/team.cgi?id=5e2f8ca6
1974:Orix Buffaloes:https://www.baseball-reference.com/register/team.cgi?id=d5c0c304
1974:Saitama Seibu Lions:https://www.baseball-reference.com/register/team.cgi?id=d9dae444
1974:Tohoku Rakuten Golden Eagles:https://www.baseball-reference.com/register/team.cgi?id=f1a730f3
2022:https://www.baseball-reference.com/register/league.cgi?id=829bfc2b
1973:Chiba Lotte Marines:https://www.baseball-reference.com/register/team.cgi?id=0040fd77
1973:Fukuoka Softbank Hawks:https://www.baseball-reference.com/register/team.cgi?id=b8239652
1973:Hokkaido Nippon Ham Fighters:https://www.baseball-reference.com/register/team.cgi?id=5e2f8ca6
1973:Orix Buffaloes:https://www.baseball-reference.com/register/team.cgi?id=d5c0c304
1973:Saitama Seibu Lions:https://www.baseball-reference.com/register/team.cgi?id=d9dae444
1973:Tohoku Rakuten Golden Eagles:https://www.baseball-reference.com/register/team.cgi?id=f1a730f3
2022:https://www.baseball-reference.com/register/league.cgi?id=829bfc2b
1972:Chiba Lotte Marines:https://www.baseball-reference.com/register/team.cgi?id=0040fd77
1972:Fukuoka Softbank Hawks:https://www.baseball-reference.com/register/team.cgi?id=b8239652
1972:Hokkaido Nippon Ham Fighters:https://www.baseball-reference.com/register/team.cgi?id=5e2f8ca6
1972:Orix Buffaloes:https://www.baseball-reference.com/register/team.cgi?id=d5c0c304
1972:Saitama Seibu Lions:https://www.baseball-reference.com/register/team.cgi?id=d9dae444
1972:Tohoku Rakuten Golden Eagles:https://www.baseball-reference.com/register/team.cgi?id=f1a730f3
2022:https://www.baseball-reference.com/register/league.cgi?id=829bfc2b
1971:Chiba Lotte Marines:https://www.baseball-reference.com/register/team.cgi?id=0040fd77
1971:Fukuoka Softbank Hawks:https://www.baseball-reference.com/register/team.cgi?id=b8239652
1971:Hokkaido Nippon Ham Fighters:https://www.baseball-reference.com/register/team.cgi?id=5e2f8ca6
1971:Orix Buffaloes:https://www.baseball-reference.com/register/team.cgi?id=d5c0c304
1971:Saitama Seibu Lions:https://www.baseball-reference.com/register/team.cgi?id=d9dae444
1971:Tohoku Rakuten Golden Eagles:https://www.baseball-reference.com/register/team.cgi?id=f1a730f3
2022:https://www.baseball-reference.com/register/league.cgi?id=829bfc2b
1970:Chiba Lotte Marines:https://www.baseball-reference.com/register/team.cgi?id=0040fd77
1970:Fukuoka Softbank Hawks:https://www.baseball-reference.com/register/team.cgi?id=b8239652
1970:Hokkaido Nippon Ham Fighters:https://www.baseball-reference.com/register/team.cgi?id=5e2f8ca6
1970:Orix Buffaloes:https://www.baseball-reference.com/register/team.cgi?id=d5c0c304
1970:Saitama Seibu Lions:https://www.baseball-reference.com/register/team.cgi?id=d9dae444
1970:Tohoku Rakuten Golden Eagles:https://www.baseball-reference.com/register/team.cgi?id=f1a730f3
2022:https://www.baseball-reference.com/register/league.cgi?id=829bfc2b
1969:Chiba Lotte Marines:https://www.baseball-reference.com/register/team.cgi?id=0040fd77
1969:Fukuoka Softbank Hawks:https://www.baseball-reference.com/register/team.cgi?id=b8239652
1969:Hokkaido Nippon Ham Fighters:https://www.baseball-reference.com/register/team.cgi?id=5e2f8ca6
1969:Orix Buffaloes:https://www.baseball-reference.com/register/team.cgi?id=d5c0c304
1969:Saitama Seibu Lions:https://www.baseball-reference.com/register/team.cgi?id=d9dae444
1969:Tohoku Rakuten Golden Eagles:https://www.baseball-reference.com/register/team.cgi?id=f1a730f3
2022:https://www.baseball-reference.com/register/league.cgi?id=829bfc2b
1968:Chiba Lotte Marines:https://www.baseball-reference.com/register/team.cgi?id=0040fd77
1968:Fukuoka Softbank Hawks:https://www.baseball-reference.com/register/team.cgi?id=b8239652
1968:Hokkaido Nippon Ham Fighters:https://www.baseball-reference.com/register/team.cgi?id=5e2f8ca6
1968:Orix Buffaloes:https://www.baseball-reference.com/register/team.cgi?id=d5c0c304
1968:Saitama Seibu Lions:https://www.baseball-reference.com/register/team.cgi?id=d9dae444
1968:Tohoku Rakuten Golden Eagles:https://www.baseball-reference.com/register/team.cgi?id=f1a730f3
2022:https://www.baseball-reference.com/register/league.cgi?id=829bfc2b
1967:Chiba Lotte Marines:https://www.baseball-reference.com/register/team.cgi?id=0040fd77
1967:Fukuoka Softbank Hawks:https://www.baseball-reference.com/register/team.cgi?id=b8239652
1967:Hokkaido Nippon Ham Fighters:https://www.baseball-reference.com/register/team.cgi?id=5e2f8ca6
1967:Orix Buffaloes:https://www.baseball-reference.com/register/team.cgi?id=d5c0c304
1967:Saitama Seibu Lions:https://www.baseball-reference.com/register/team.cgi?id=d9dae444
1967:Tohoku Rakuten Golden Eagles:https://www.baseball-reference.com/register/team.cgi?id=f1a730f3
2022:https://www.baseball-reference.com/register/league.cgi?id=829bfc2b
1966:Chiba Lotte Marines:https://www.baseball-reference.com/register/team.cgi?id=0040fd77
1966:Fukuoka Softbank Hawks:https://www.baseball-reference.com/register/team.cgi?id=b8239652
1966:Hokkaido Nippon Ham Fighters:https://www.baseball-reference.com/register/team.cgi?id=5e2f8ca6
1966:Orix Buffaloes:https://www.baseball-reference.com/register/team.cgi?id=d5c0c304
1966:Saitama Seibu Lions:https://www.baseball-reference.com/register/team.cgi?id=d9dae444
1966:Tohoku Rakuten Golden Eagles:https://www.baseball-reference.com/register/team.cgi?id=f1a730f3
2022:https://www.baseball-reference.com/register/league.cgi?id=829bfc2b
1965:Chiba Lotte Marines:https://www.baseball-reference.com/register/team.cgi?id=0040fd77
1965:Fukuoka Softbank Hawks:https://www.baseball-reference.com/register/team.cgi?id=b8239652
1965:Hokkaido Nippon Ham Fighters:https://www.baseball-reference.com/register/team.cgi?id=5e2f8ca6
1965:Orix Buffaloes:https://www.baseball-reference.com/register/team.cgi?id=d5c0c304
1965:Saitama Seibu Lions:https://www.baseball-reference.com/register/team.cgi?id=d9dae444
1965:Tohoku Rakuten Golden Eagles:https://www.baseball-reference.com/register/team.cgi?id=f1a730f3
2022:https://www.baseball-reference.com/register/league.cgi?id=829bfc2b
1964:Chiba Lotte Marines:https://www.baseball-reference.com/register/team.cgi?id=0040fd77
1964:Fukuoka Softbank Hawks:https://www.baseball-reference.com/register/team.cgi?id=b8239652
1964:Hokkaido Nippon Ham Fighters:https://www.baseball-reference.com/register/team.cgi?id=5e2f8ca6
1964:Orix Buffaloes:https://www.baseball-reference.com/register/team.cgi?id=d5c0c304
1964:Saitama Seibu Lions:https://www.baseball-reference.com/register/team.cgi?id=d9dae444
1964:Tohoku Rakuten Golden Eagles:https://www.baseball-reference.com/register/team.cgi?id=f1a730f3
2022:https://www.baseball-reference.com/register/league.cgi?id=829bfc2b
1963:Chiba Lotte Marines:https://www.baseball-reference.com/register/team.cgi?id=0040fd77
1963:Fukuoka Softbank Hawks:https://www.baseball-reference.com/register/team.cgi?id=b8239652
1963:Hokkaido Nippon Ham Fighters:https://www.baseball-reference.com/register/team.cgi?id=5e2f8ca6
1963:Orix Buffaloes:https://www.baseball-reference.com/register/team.cgi?id=d5c0c304
1963:Saitama Seibu Lions:https://www.baseball-reference.com/register/team.cgi?id=d9dae444
1963:Tohoku Rakuten Golden Eagles:https://www.baseball-reference.com/register/team.cgi?id=f1a730f3
2022:https://www.baseball-reference.com/register/league.cgi?id=829bfc2b
1962:Chiba Lotte Marines:https://www.baseball-reference.com/register/team.cgi?id=0040fd77
1962:Fukuoka Softbank Hawks:https://www.baseball-reference.com/register/team.cgi?id=b8239652
1962:Hokkaido Nippon Ham Fighters:https://www.baseball-reference.com/register/team.cgi?id=5e2f8ca6
1962:Orix Buffaloes:https://www.baseball-reference.com/register/team.cgi?id=d5c0c304
1962:Saitama Seibu Lions:https://www.baseball-reference.com/register/team.cgi?id=d9dae444
1962:Tohoku Rakuten Golden Eagles:https://www.baseball-reference.com/register/team.cgi?id=f1a730f3
2022:https://www.baseball-reference.com/register/league.cgi?id=829bfc2b
1961:Chiba Lotte Marines:https://www.baseball-reference.com/register/team.cgi?id=0040fd77
1961:Fukuoka Softbank Hawks:https://www.baseball-reference.com/register/team.cgi?id=b8239652
1961:Hokkaido Nippon Ham Fighters:https://www.baseball-reference.com/register/team.cgi?id=5e2f8ca6
1961:Orix Buffaloes:https://www.baseball-reference.com/register/team.cgi?id=d5c0c304
1961:Saitama Seibu Lions:https://www.baseball-reference.com/register/team.cgi?id=d9dae444
1961:Tohoku Rakuten Golden Eagles:https://www.baseball-reference.com/register/team.cgi?id=f1a730f3
2022:https://www.baseball-reference.com/register/league.cgi?id=829bfc2b
1960:Chiba Lotte Marines:https://www.baseball-reference.com/register/team.cgi?id=0040fd77
1960:Fukuoka Softbank Hawks:https://www.baseball-reference.com/register/team.cgi?id=b8239652
1960:Hokkaido Nippon Ham Fighters:https://www.baseball-reference.com/register/team.cgi?id=5e2f8ca6
1960:Orix Buffaloes:https://www.baseball-reference.com/register/team.cgi?id=d5c0c304
1960:Saitama Seibu Lions:https://www.baseball-reference.com/register/team.cgi?id=d9dae444
1960:Tohoku Rakuten Golden Eagles:https://www.baseball-reference.com/register/team.cgi?id=f1a730f3
2022:https://www.baseball-reference.com/register/league.cgi?id=829bfc2b
1959:Chiba Lotte Marines:https://www.baseball-reference.com/register/team.cgi?id=0040fd77
1959:Fukuoka Softbank Hawks:https://www.baseball-reference.com/register/team.cgi?id=b8239652
1959:Hokkaido Nippon Ham Fighters:https://www.baseball-reference.com/register/team.cgi?id=5e2f8ca6
1959:Orix Buffaloes:https://www.baseball-reference.com/register/team.cgi?id=d5c0c304
1959:Saitama Seibu Lions:https://www.baseball-reference.com/register/team.cgi?id=d9dae444
1959:Tohoku Rakuten Golden Eagles:https://www.baseball-reference.com/register/team.cgi?id=f1a730f3
2022:https://www.baseball-reference.com/register/league.cgi?id=829bfc2b
1958:Chiba Lotte Marines:https://www.baseball-reference.com/register/team.cgi?id=0040fd77
1958:Fukuoka Softbank Hawks:https://www.baseball-reference.com/register/team.cgi?id=b8239652
1958:Hokkaido Nippon Ham Fighters:https://www.baseball-reference.com/register/team.cgi?id=5e2f8ca6
1958:Orix Buffaloes:https://www.baseball-reference.com/register/team.cgi?id=d5c0c304
1958:Saitama Seibu Lions:https://www.baseball-reference.com/register/team.cgi?id=d9dae444
1958:Tohoku Rakuten Golden Eagles:https://www.baseball-reference.com/register/team.cgi?id=f1a730f3
2022:https://www.baseball-reference.com/register/league.cgi?id=829bfc2b
1957:Chiba Lotte Marines:https://www.baseball-reference.com/register/team.cgi?id=0040fd77
1957:Fukuoka Softbank Hawks:https://www.baseball-reference.com/register/team.cgi?id=b8239652
1957:Hokkaido Nippon Ham Fighters:https://www.baseball-reference.com/register/team.cgi?id=5e2f8ca6
1957:Orix Buffaloes:https://www.baseball-reference.com/register/team.cgi?id=d5c0c304
1957:Saitama Seibu Lions:https://www.baseball-reference.com/register/team.cgi?id=d9dae444
1957:Tohoku Rakuten Golden Eagles:https://www.baseball-reference.com/register/team.cgi?id=f1a730f3
